SF:lib\src\cache_manager.dart
DA:33,5
DA:39,1
DA:41,15
DA:42,10
DA:43,5
DA:44,5
DA:45,5
DA:46,5
DA:48,10
DA:51,3
DA:52,3
DA:53,0
DA:54,0
DA:56,1
DA:57,1
DA:59,1
DA:60,1
DA:63,0
DA:64,0
DA:67,5
DA:68,5
DA:69,3
DA:74,0
DA:75,0
DA:77,0
DA:79,0
DA:87,1
DA:88,1
DA:89,2
DA:91,2
DA:96,1
DA:97,2
DA:98,1
DA:99,1
DA:102,1
DA:103,0
DA:104,0
DA:105,0
DA:112,5
DA:118,10
DA:119,5
DA:123,6
DA:124,9
DA:128,5
DA:129,5
DA:131,5
DA:134,10
DA:135,5
DA:136,6
DA:138,10
DA:139,10
DA:142,5
DA:147,5
DA:148,5
DA:151,1
DA:152,1
DA:153,2
DA:155,0
DA:159,3
DA:160,3
DA:161,6
DA:162,3
DA:163,2
DA:165,6
DA:166,6
DA:169,1
DA:170,2
DA:171,1
DA:172,0
DA:174,2
DA:177,1
DA:178,1
DA:179,2
DA:180,1
DA:181,2
DA:183,3
DA:186,0
DA:192,0
DA:194,0
DA:203,0
DA:213,0
DA:221,0
DA:230,0
DA:237,0
DA:245,1
DA:246,2
DA:249,2
DA:250,4
DA:251,4
LF:89
LH:68
end_of_record
SF:lib\src\cache_entry.dart
DA:6,5
DA:12,5
DA:13,5
DA:14,6
DA:15,4
DA:18,3
DA:19,3
DA:20,6
DA:21,6
DA:22,5
DA:26,2
DA:27,2
DA:28,2
DA:29,4
DA:30,4
DA:34,3
DA:35,9
DA:36,7
DA:37,11
DA:39,1
DA:41,0
LF:21
LH:20
end_of_record
SF:lib\src\memory_cache_storage.dart
DA:7,5
DA:9,10
DA:12,5
DA:14,10
DA:17,3
DA:19,6
DA:22,1
DA:24,4
DA:27,1
DA:29,2
LF:10
LH:10
end_of_record
SF:lib\src\hive_cache_storage.dart
DA:9,1
DA:11,1
DA:13,0
DA:15,4
DA:18,1
DA:19,1
DA:20,1
DA:23,1
DA:25,3
DA:28,1
DA:30,2
DA:34,1
DA:38,1
DA:39,1
DA:40,2
DA:41,1
DA:42,2
DA:47,1
DA:52,1
DA:54,2
DA:57,0
DA:59,0
DA:60,0
DA:63,1
DA:65,2
LF:25
LH:21
end_of_record
SF:lib\src\secure_cache_storage.dart
DA:12,1
DA:16,0
DA:17,0
DA:19,1
DA:22,2
DA:25,2
DA:28,2
DA:32,1
DA:34,1
DA:36,1
DA:39,2
DA:42,1
DA:44,2
DA:48,1
DA:51,2
DA:54,2
DA:57,1
DA:58,1
DA:66,0
DA:67,0
DA:69,0
DA:70,0
DA:72,0
DA:73,0
LF:24
LH:16
end_of_record
SF:lib\src\cache_encryptor.dart
DA:7,0
DA:10,0
DA:19,1
DA:21,1
DA:23,1
DA:24,2
DA:25,2
DA:26,3
DA:27,6
DA:31,5
DA:34,1
DA:36,1
DA:37,3
DA:38,4
DA:40,2
DA:41,2
DA:42,3
DA:43,6
DA:45,1
LF:19
LH:17
end_of_record
SF:lib\src\cache_compressor.dart
DA:7,0
DA:10,0
DA:19,1
DA:22,2
DA:23,1
DA:28,1
DA:30,1
DA:31,2
LF:8
LH:6
end_of_record
SF:lib\src\cache_context.dart
DA:6,0
DA:12,0
DA:13,0
DA:15,1
DA:16,1
DA:17,3
DA:19,2
LF:7
LH:4
end_of_record
SF:lib\src\sync_metadata.dart
DA:6,0
DA:12,0
DA:13,0
DA:14,0
DA:15,0
DA:18,0
DA:19,0
DA:20,0
DA:21,0
LF:9
LH:0
end_of_record
SF:lib\src\cache_event.dart
DA:32,2
DA:49,0
DA:50,0
DA:51,0
DA:53,0
DA:55,0
LF:6
LH:1
end_of_record
SF:lib\src\cache_stats.dart
DA:13,5
DA:24,1
DA:25,3
DA:26,1
DA:27,2
DA:30,0
DA:31,0
DA:32,0
DA:35,0
DA:36,0
DA:37,0
DA:40,2
DA:50,2
DA:51,2
DA:52,2
DA:53,2
DA:54,2
DA:55,2
DA:56,2
DA:57,2
DA:58,2
DA:62,0
DA:64,0
DA:65,0
DA:66,0
LF:25
LH:15
end_of_record
SF:lib\src\sync_task.dart
DA:10,1
DA:20,1
DA:21,1
DA:22,1
DA:23,1
DA:24,1
DA:25,1
DA:26,1
DA:27,2
DA:28,1
DA:32,1
DA:33,1
DA:34,1
DA:35,1
DA:36,1
DA:37,1
DA:38,1
DA:39,2
DA:40,1
LF:19
LH:19
end_of_record
SF:lib\src\sync_engine.dart
DA:15,1
DA:23,1
DA:24,1
DA:25,0
DA:27,4
DA:28,4
DA:30,1
DA:35,1
DA:36,1
DA:40,1
DA:41,4
DA:42,1
DA:43,0
DA:47,1
DA:48,1
DA:49,1
DA:52,7
DA:55,1
DA:57,2
DA:58,1
DA:60,2
DA:62,3
DA:64,2
DA:65,2
DA:67,3
DA:69,4
DA:74,1
DA:78,0
DA:79,0
LF:29
LH:25
end_of_record
SF:lib\src\network_status.dart
DA:4,0
DA:7,2
DA:11,2
DA:13,0
DA:14,0
DA:17,1
DA:18,1
DA:19,0
DA:20,0
LF:9
LH:4
end_of_record
SF:lib\src\dev\smart_cache_overlay.dart
DA:10,0
DA:16,0
DA:18,0
DA:19,0
DA:22,0
DA:23,0
DA:24,0
DA:25,0
DA:26,0
DA:29,0
DA:33,0
DA:34,0
DA:35,0
DA:36,0
LF:14
LH:0
end_of_record
SF:lib\src\dev\dio_interceptor.dart
DA:8,0
DA:10,0
DA:12,0
DA:13,0
DA:14,0
DA:15,0
DA:16,0
DA:17,0
DA:18,0
DA:20,0
DA:21,0
DA:23,0
DA:26,0
DA:28,0
DA:29,0
DA:30,0
DA:31,0
DA:32,0
DA:33,0
DA:35,0
DA:36,0
DA:37,0
DA:38,0
DA:39,0
DA:40,0
DA:44,0
DA:47,0
DA:49,0
DA:50,0
DA:51,0
DA:52,0
DA:53,0
DA:54,0
DA:56,0
DA:57,0
DA:59,0
DA:60,0
DA:64,0
DA:67,0
DA:68,0
LF:40
LH:0
end_of_record
SF:lib\src\smart_cache_builder.dart
DA:27,0
DA:35,0
DA:36,0
DA:43,0
DA:45,0
DA:46,0
DA:49,0
DA:51,0
DA:52,0
DA:53,0
DA:54,0
DA:58,0
DA:60,0
DA:61,0
DA:64,0
DA:65,0
DA:66,0
DA:67,0
DA:68,0
DA:70,0
DA:71,0
DA:72,0
DA:73,0
DA:79,0
DA:80,0
DA:81,0
DA:84,0
DA:86,0
LF:28
LH:0
end_of_record
SF:lib\src\observability_manager.dart
DA:15,5
DA:17,3
DA:18,2
DA:19,0
DA:21,5
DA:22,10
DA:24,2
DA:27,2
DA:34,2
DA:35,12
DA:37,2
DA:38,12
DA:40,2
DA:41,12
DA:43,2
DA:44,6
DA:50,4
DA:51,2
DA:54,2
DA:55,4
DA:56,4
DA:57,6
DA:58,0
DA:62,0
DA:68,0
DA:70,0
DA:71,0
DA:72,0
DA:74,0
DA:81,0
DA:82,0
DA:83,0
DA:87,0
DA:96,0
DA:98,0
DA:99,0
DA:100,0
DA:101,0
DA:104,0
DA:105,0
DA:107,0
DA:116,0
DA:117,0
DA:118,0
DA:121,0
DA:129,0
DA:131,0
DA:132,0
DA:133,0
DA:136,0
DA:137,0
DA:139,0
DA:147,0
DA:148,0
DA:149,0
DA:152,0
DA:159,0
DA:166,0
DA:168,0
DA:169,0
DA:170,0
DA:175,0
DA:179,0
DA:180,0
DA:185,0
DA:191,0
DA:192,0
DA:195,2
DA:196,4
LF:69
LH:23
end_of_record
SF:lib\src\policy_resolver.dart
DA:17,5
DA:27,5
DA:28,10
DA:30,1
DA:32,5
DA:40,5
DA:49,5
DA:50,5
DA:51,2
DA:52,2
DA:53,2
DA:54,2
DA:55,1
DA:56,1
DA:57,1
DA:58,1
DA:62,5
DA:69,10
DA:71,4
DA:72,8
DA:74,12
DA:78,2
DA:82,4
DA:83,6
DA:85,1
DA:86,2
DA:88,0
DA:89,0
DA:93,0
DA:98,8
DA:99,4
DA:102,2
DA:109,2
DA:111,1
DA:113,1
DA:116,1
DA:120,2
DA:124,4
DA:126,2
DA:127,4
DA:129,6
DA:133,2
DA:134,2
DA:137,2
DA:138,4
DA:140,2
DA:141,4
DA:143,3
DA:144,2
DA:148,2
DA:149,2
DA:153,4
DA:154,4
DA:157,4
DA:164,8
DA:165,2
DA:168,8
DA:169,4
DA:170,8
DA:176,2
DA:179,9
DA:180,3
DA:181,3
DA:184,9
DA:187,4
DA:188,8
DA:192,1
DA:199,2
DA:201,1
DA:202,2
DA:204,1
DA:205,2
DA:206,1
DA:207,2
DA:211,2
DA:212,3
DA:215,1
DA:221,2
DA:222,1
LF:79
LH:76
end_of_record
SF:lib\src\reactive_engine.dart
DA:6,2
DA:7,2
DA:9,7
DA:12,1
DA:16,3
DA:17,2
DA:18,2
DA:26,5
DA:27,10
DA:28,2
DA:29,2
DA:33,2
DA:34,5
DA:35,2
DA:36,2
DA:39,4
DA:42,6
DA:44,2
DA:45,4
DA:46,2
DA:50,2
DA:51,2
DA:52,8
DA:54,2
DA:55,4
DA:57,4
DA:58,4
DA:59,4
DA:60,8
DA:61,4
DA:62,4
DA:70,2
DA:71,4
DA:75,1
DA:76,1
DA:79,1
DA:80,1
DA:81,1
DA:82,2
DA:83,1
DA:84,1
DA:88,0
DA:89,0
DA:90,0
DA:93,1
DA:94,1
DA:95,1
DA:96,1
DA:101,1
DA:108,2
LF:50
LH:47
end_of_record
SF:lib\src\type_adapter.dart
DA:7,0
DA:9,0
DA:12,0
LF:3
LH:0
end_of_record
SF:lib\src\dev\cache_detail_screen.dart
DA:10,0
DA:16,0
DA:18,0
DA:20,0
DA:21,0
DA:22,0
DA:24,0
DA:26,0
DA:29,0
DA:30,0
DA:31,0
DA:32,0
DA:33,0
DA:34,0
DA:38,0
DA:39,0
DA:40,0
DA:41,0
DA:42,0
DA:43,0
DA:44,0
DA:45,0
DA:46,0
DA:47,0
DA:48,0
DA:49,0
DA:50,0
DA:51,0
DA:53,0
DA:54,0
DA:55,0
DA:56,0
DA:57,0
DA:58,0
DA:59,0
DA:60,0
DA:63,0
DA:64,0
DA:65,0
DA:66,0
DA:68,0
DA:69,0
DA:79,0
DA:80,0
DA:82,0
DA:84,0
DA:85,0
DA:86,0
DA:92,0
DA:96,0
DA:97,0
DA:99,0
DA:102,0
DA:103,0
DA:107,0
DA:111,0
DA:115,0
DA:116,0
DA:117,0
DA:120,0
DA:121,0
DA:123,0
DA:126,0
DA:129,0
DA:130,0
DA:134,0
DA:138,0
DA:139,0
DA:140,0
DA:141,0
LF:70
LH:0
end_of_record
SF:lib\src\dev\cache_timeline_widget.dart
DA:7,0
DA:9,0
DA:11,0
DA:12,0
DA:16,0
DA:17,0
DA:18,0
DA:19,0
DA:20,0
DA:21,0
DA:22,0
DA:25,0
DA:27,0
DA:30,0
DA:34,0
DA:35,0
DA:37,0
DA:38,0
DA:39,0
DA:42,0
DA:43,0
DA:44,0
DA:53,0
DA:55,0
DA:56,0
DA:57,0
DA:58,0
DA:59,0
DA:60,0
DA:61,0
DA:62,0
DA:63,0
DA:64,0
LF:33
LH:0
end_of_record
SF:lib\src\dev\cache_panel_screen.dart
DA:12,0
DA:14,0
DA:15,0
DA:22,0
DA:24,0
DA:26,0
DA:27,0
DA:28,0
DA:29,0
DA:30,0
DA:31,0
DA:32,0
DA:33,0
DA:34,0
DA:41,0
DA:43,0
DA:44,0
DA:47,0
DA:49,0
DA:50,0
DA:51,0
DA:52,0
DA:54,0
DA:55,0
DA:57,0
DA:61,0
DA:62,0
DA:63,0
DA:65,0
DA:66,0
DA:68,0
DA:69,0
DA:76,0
DA:77,0
DA:78,0
DA:79,0
DA:80,0
DA:93,0
DA:94,0
DA:95,0
DA:96,0
DA:97,0
DA:98,0
DA:99,0
DA:100,0
DA:101,0
DA:106,0
DA:107,0
DA:108,0
DA:111,0
DA:112,0
DA:114,0
DA:115,0
DA:116,0
DA:117,0
DA:119,0
DA:129,0
DA:131,0
DA:133,0
DA:135,0
DA:137,0
DA:139,0
DA:141,0
DA:143,0
DA:145,0
DA:147,0
DA:149,0
LF:67
LH:0
end_of_record
SF:lib\src\dev\cache_stats_widget.dart
DA:7,0
DA:9,0
DA:11,0
DA:13,0
DA:14,0
DA:16,0
DA:18,0
DA:19,0
DA:20,0
DA:21,0
DA:22,0
DA:26,0
DA:27,0
DA:28,0
DA:33,0
DA:34,0
DA:38,0
DA:40,0
DA:42,0
DA:43,0
DA:44,0
DA:45,0
DA:46,0
DA:50,0
DA:51,0
DA:52,0
DA:57,0
DA:58,0
DA:67,0
DA:68,0
DA:69,0
DA:70,0
DA:71,0
LF:33
LH:0
end_of_record
